<?xml version="1.0" encoding="UTF-8"?>
<testsuite name="es.unizar.urlshortener.infrastructure.delivery.LeftRedirectionsTest" tests="1" skipped="0" failures="0" errors="0" timestamp="2023-01-13T10:19:56" hostname="LAPTOP-LNP7DNAB" time="2.062">
  <properties/>
  <testcase name="redirectTo returns a redirect when limit is 0()" classname="es.unizar.urlshortener.infrastructure.delivery.LeftRedirectionsTest" time="2.062"/>
  <system-out><![CDATA[11:19:42.869 [Test worker] DEBUG org.springframework.test.context.BootstrapUtils - Instantiating CacheAwareContextLoaderDelegate from class [org.springframework.test.context.cache.DefaultCacheAwareContextLoaderDelegate]
11:19:42.899 [Test worker] DEBUG org.springframework.test.context.BootstrapUtils - Instantiating BootstrapContext using constructor [public org.springframework.test.context.support.DefaultBootstrapContext(java.lang.Class,org.springframework.test.context.CacheAwareContextLoaderDelegate)]
11:19:42.993 [Test worker] DEBUG org.springframework.test.context.BootstrapUtils - Instantiating TestContextBootstrapper for test class [es.unizar.urlshortener.infrastructure.delivery.LeftRedirectionsTest] from class [org.springframework.boot.test.autoconfigure.web.servlet.WebMvcTestContextBootstrapper]
11:19:43.049 [Test worker] DEBUG org.springframework.test.context.support.AbstractContextLoader - Did not detect default resource location for test class [es.unizar.urlshortener.infrastructure.delivery.LeftRedirectionsTest]: class path resource [es/unizar/urlshortener/infrastructure/delivery/LeftRedirectionsTest-context.xml] does not exist
11:19:43.051 [Test worker] DEBUG org.springframework.test.context.support.AbstractContextLoader - Did not detect default resource location for test class [es.unizar.urlshortener.infrastructure.delivery.LeftRedirectionsTest]: class path resource [es/unizar/urlshortener/infrastructure/delivery/LeftRedirectionsTestContext.groovy] does not exist
11:19:43.052 [Test worker] INFO org.springframework.test.context.support.AbstractContextLoader - Could not detect default resource locations for test class [es.unizar.urlshortener.infrastructure.delivery.LeftRedirectionsTest]: no resource found for suffixes {-context.xml, Context.groovy}.
11:19:43.280 [Test worker] DEBUG org.springframework.test.context.support.ActiveProfilesUtils - Could not find an 'annotation declaring class' for annotation type [org.springframework.test.context.ActiveProfiles] and class [es.unizar.urlshortener.infrastructure.delivery.LeftRedirectionsTest]
11:19:43.307 [Test worker] DEBUG org.springframework.boot.test.autoconfigure.web.servlet.WebMvcTestContextBootstrapper - @TestExecutionListeners is not present for class [es.unizar.urlshortener.infrastructure.delivery.LeftRedirectionsTest]: using defaults.
11:19:43.309 [Test worker] INFO org.springframework.boot.test.autoconfigure.web.servlet.WebMvcTestContextBootstrapper - Loaded default TestExecutionListener class names from location [META-INF/spring.factories]: [org.springframework.boot.test.autoconfigure.restdocs.RestDocsTestExecutionListener, org.springframework.boot.test.autoconfigure.web.client.MockRestServiceServerResetTestExecutionListener, org.springframework.boot.test.autoconfigure.web.servlet.MockMvcPrintOnlyOnFailureTestExecutionListener, org.springframework.boot.test.autoconfigure.web.servlet.WebDriverTestExecutionListener, org.springframework.boot.test.autoconfigure.webservices.client.MockWebServiceServerTestExecutionListener, org.springframework.boot.test.mock.mockito.MockitoTestExecutionListener, org.springframework.boot.test.mock.mockito.ResetMocksTestExecutionListener, org.springframework.test.context.web.ServletTestExecutionListener, org.springframework.test.context.support.DirtiesContextBeforeModesTestExecutionListener, org.springframework.test.context.event.ApplicationEventsTestExecutionListener, org.springframework.test.context.support.DependencyInjectionTestExecutionListener, org.springframework.test.context.support.DirtiesContextTestExecutionListener, org.springframework.test.context.transaction.TransactionalTestExecutionListener, org.springframework.test.context.jdbc.SqlScriptsTestExecutionListener, org.springframework.test.context.event.EventPublishingTestExecutionListener]
11:19:43.381 [Test worker] INFO org.springframework.boot.test.autoconfigure.web.servlet.WebMvcTestContextBootstrapper - Using TestExecutionListeners: [org.springframework.test.context.web.ServletTestExecutionListener@5c87bfe2, org.springframework.test.context.support.DirtiesContextBeforeModesTestExecutionListener@2fea7088, org.springframework.test.context.event.ApplicationEventsTestExecutionListener@40499e4f, org.springframework.boot.test.mock.mockito.MockitoTestExecutionListener@51cd7ffc, org.springframework.boot.test.autoconfigure.SpringBootDependencyInjectionTestExecutionListener@30d4b288, org.springframework.test.context.support.DirtiesContextTestExecutionListener@4cc6fa2a, org.springframework.test.context.transaction.TransactionalTestExecutionListener@40f1be1b, org.springframework.test.context.jdbc.SqlScriptsTestExecutionListener@7a791b66, org.springframework.test.context.event.EventPublishingTestExecutionListener@6f2cb653, org.springframework.boot.test.autoconfigure.restdocs.RestDocsTestExecutionListener@14c01636, org.springframework.boot.test.autoconfigure.web.client.MockRestServiceServerResetTestExecutionListener@590c73d3, org.springframework.boot.test.autoconfigure.web.servlet.MockMvcPrintOnlyOnFailureTestExecutionListener@6b9ce1bf, org.springframework.boot.test.autoconfigure.web.servlet.WebDriverTestExecutionListener@61884cb1, org.springframework.boot.test.autoconfigure.webservices.client.MockWebServiceServerTestExecutionListener@75ed9710, org.springframework.boot.test.mock.mockito.ResetMocksTestExecutionListener@4fc5e095]
11:19:43.395 [Test worker] DEBUG org.springframework.test.context.support.AbstractDirtiesContextTestExecutionListener - Before test class: context [DefaultTestContext@3f053c80 testClass = LeftRedirectionsTest, testInstance = [null], testMethod = [null], testException = [null], mergedContextConfiguration = [WebMergedContextConfiguration@6c6c5427 testClass = LeftRedirectionsTest, locations = '{}', classes = '{class es.unizar.urlshortener.infrastructure.delivery.UrlShortenerControllerImpl, class es.unizar.urlshortener.infrastructure.delivery.RestResponseEntityExceptionHandler}', contextInitializerClasses = '[]', activeProfiles = '{}', propertySourceLocations = '{}', propertySourceProperties = '{org.springframework.boot.test.autoconfigure.web.servlet.WebMvcTestContextBootstrapper=true}', contextCustomizers = set[org.springframework.boot.test.autoconfigure.OverrideAutoConfigurationContextCustomizerFactory$DisableAutoConfigurationContextCustomizer@7cbc3762, org.springframework.boot.test.autoconfigure.actuate.metrics.MetricsExportContextCustomizerFactory$DisableMetricExportContextCustomizer@8692d67, org.springframework.boot.test.autoconfigure.filter.TypeExcludeFiltersContextCustomizer@dc3e7819, org.springframework.boot.test.autoconfigure.properties.PropertyMappingContextCustomizer@cea243f2, org.springframework.boot.test.autoconfigure.web.servlet.WebDriverContextCustomizerFactory$Customizer@235a0c16, [ImportsContextCustomizer@618c5d94 key = [org.springframework.boot.autoconfigure.cache.CacheAutoConfiguration, org.springframework.boot.autoconfigure.context.MessageSourceAutoConfiguration, org.springframework.boot.autoconfigure.data.web.SpringDataWebAutoConfiguration, org.springframework.boot.autoconfigure.freemarker.FreeMarkerAutoConfiguration, org.springframework.boot.autoconfigure.groovy.template.GroovyTemplateAutoConfiguration, org.springframework.boot.autoconfigure.gson.GsonAutoConfiguration, org.springframework.boot.autoconfigure.hateoas.HypermediaAutoConfiguration, org.springframework.boot.autoconfigure.http.HttpMessageConvertersAutoConfiguration, org.springframework.boot.autoconfigure.jackson.JacksonAutoConfiguration, org.springframework.boot.autoconfigure.jsonb.JsonbAutoConfiguration, org.springframework.boot.autoconfigure.mustache.MustacheAutoConfiguration, org.springframework.boot.autoconfigure.task.TaskExecutionAutoConfiguration, org.springframework.boot.autoconfigure.thymeleaf.ThymeleafAutoConfiguration, org.springframework.boot.autoconfigure.validation.ValidationAutoConfiguration, org.springframework.boot.autoconfigure.web.servlet.error.ErrorMvcAutoConfiguration, org.springframework.boot.autoconfigure.web.servlet.HttpEncodingAutoConfiguration, org.springframework.boot.autoconfigure.web.servlet.WebMvcAutoConfiguration, org.springframework.boot.test.autoconfigure.web.servlet.MockMvcAutoConfiguration, org.springframework.boot.test.autoconfigure.web.servlet.MockMvcWebClientAutoConfiguration, org.springframework.boot.test.autoconfigure.web.servlet.MockMvcWebDriverAutoConfiguration, org.springframework.boot.autoconfigure.security.oauth2.client.servlet.OAuth2ClientAutoConfiguration, org.springframework.boot.autoconfigure.security.oauth2.resource.servlet.OAuth2ResourceServerAutoConfiguration, org.springframework.boot.autoconfigure.security.servlet.SecurityAutoConfiguration, org.springframework.boot.autoconfigure.security.servlet.SecurityFilterAutoConfiguration, org.springframework.boot.autoconfigure.security.servlet.UserDetailsServiceAutoConfiguration, org.springframework.boot.test.autoconfigure.web.servlet.MockMvcSecurityConfiguration, org.springframework.boot.test.autoconfigure.web.reactive.WebTestClientAutoConfiguration]], org.springframework.boot.test.context.filter.ExcludeFilterContextCustomizer@765f05af, org.springframework.boot.test.json.DuplicateJsonObjectContextCustomizerFactory$DuplicateJsonObjectContextCustomizer@13f17eb4, org.springframework.boot.test.mock.mockito.MockitoContextCustomizer@51eccf34, org.springframework.boot.test.context.SpringBootTestArgs@1, org.springframework.boot.test.context.SpringBootTestWebEnvironment@0], resourceBasePath = 'src/main/webapp', contextLoader = 'org.springframework.boot.test.context.SpringBootContextLoader', parent = [null]], attributes = map[[empty]]], class annotated with @DirtiesContext [false] with mode [null].

  .   ____          _            __ _ _
 /\\ / ___'_ __ _ _(_)_ __  __ _ \ \ \ \
( ( )\___ | '_ | '_| | '_ \/ _` | \ \ \ \
 \\/  ___)| |_)| | | | | || (_| |  ) ) ) )
  '  |____| .__|_| |_|_| |_\__, | / / / /
 =========|_|==============|___/=/_/_/_/
 :: Spring Boot ::                (v2.7.3)

2023-01-13 11:19:44.970  INFO 10368 --- [    Test worker] e.u.u.i.delivery.LeftRedirectionsTest    : Starting LeftRedirectionsTest using Java 16.0.2 on LAPTOP-LNP7DNAB with PID 10368 (started by Usuario in C:\Users\Usuario\Desktop\2223\IngWeb\UrlShortener\delivery)
2023-01-13 11:19:44.973  INFO 10368 --- [    Test worker] e.u.u.i.delivery.LeftRedirectionsTest    : No active profile set, falling back to 1 default profile: "default"
2023-01-13 11:19:56.460  INFO 10368 --- [    Test worker] o.s.b.t.m.w.SpringBootMockServletContext : Initializing Spring TestDispatcherServlet ''
2023-01-13 11:19:56.461  INFO 10368 --- [    Test worker] o.s.t.web.servlet.TestDispatcherServlet  : Initializing Servlet ''
2023-01-13 11:19:56.466  INFO 10368 --- [    Test worker] o.s.t.web.servlet.TestDispatcherServlet  : Completed initialization in 5 ms
2023-01-13 11:19:56.629  INFO 10368 --- [    Test worker] e.u.u.i.delivery.LeftRedirectionsTest    : Started LeftRedirectionsTest in 13.033 seconds (JVM running for 18.486)

MockHttpServletRequest:
      HTTP Method = POST
      Request URI = /api/link
       Parameters = {url=[http://www.example.com/], limit=[0], qrcode=[false]}
          Headers = [Content-Type:"application/x-www-form-urlencoded;charset=UTF-8"]
             Body = null
    Session Attrs = {}

Handler:
             Type = es.unizar.urlshortener.infrastructure.delivery.UrlShortenerControllerImpl
           Method = es.unizar.urlshortener.infrastructure.delivery.UrlShortenerControllerImpl#shortener(ShortUrlDataIn, HttpServletRequest)

Async:
    Async started = false
     Async result = null

Resolved Exception:
             Type = null

ModelAndView:
        View name = null
             View = null
            Model = null

FlashMap:
       Attributes = null

MockHttpServletResponse:
           Status = 201
    Error message = null
          Headers = [Location:"http://localhost/f684a3c4", Content-Type:"application/json"]
     Content type = application/json
             Body = {"url":"http://localhost/f684a3c4","properties":{"safe":true}}
    Forwarded URL = null
   Redirected URL = http://localhost/f684a3c4
          Cookies = []
El navegador es: UnKnown, More-Info: UrlAgentHeader y el SO es: UnKnown, More-Info: UrlAgentHeader
El navegador es: UnKnown, More-Info: UrlAgentHeader y el SO es: UnKnown, More-Info: UrlAgentHeader
]]></system-out>
  <system-err><![CDATA[]]></system-err>
</testsuite>
