<?xml version="1.0" encoding="UTF-8"?>
<testsuite name="es.unizar.urlshortener.infrastructure.delivery.CreateRedirectionTest" tests="1" skipped="0" failures="0" errors="0" timestamp="2023-01-13T00:20:49" hostname="LAPTOP-LNP7DNAB" time="3.616">
  <properties/>
  <testcase name="creates returns conflict if url already exists()" classname="es.unizar.urlshortener.infrastructure.delivery.CreateRedirectionTest" time="3.616"/>
  <system-out><![CDATA[01:20:28.347 [Test worker] DEBUG org.springframework.test.context.BootstrapUtils - Instantiating CacheAwareContextLoaderDelegate from class [org.springframework.test.context.cache.DefaultCacheAwareContextLoaderDelegate]
01:20:28.401 [Test worker] DEBUG org.springframework.test.context.BootstrapUtils - Instantiating BootstrapContext using constructor [public org.springframework.test.context.support.DefaultBootstrapContext(java.lang.Class,org.springframework.test.context.CacheAwareContextLoaderDelegate)]
01:20:28.581 [Test worker] DEBUG org.springframework.test.context.BootstrapUtils - Instantiating TestContextBootstrapper for test class [es.unizar.urlshortener.infrastructure.delivery.CreateRedirectionTest] from class [org.springframework.boot.test.autoconfigure.web.servlet.WebMvcTestContextBootstrapper]
01:20:28.688 [Test worker] DEBUG org.springframework.test.context.support.AbstractContextLoader - Did not detect default resource location for test class [es.unizar.urlshortener.infrastructure.delivery.CreateRedirectionTest]: class path resource [es/unizar/urlshortener/infrastructure/delivery/CreateRedirectionTest-context.xml] does not exist
01:20:28.690 [Test worker] DEBUG org.springframework.test.context.support.AbstractContextLoader - Did not detect default resource location for test class [es.unizar.urlshortener.infrastructure.delivery.CreateRedirectionTest]: class path resource [es/unizar/urlshortener/infrastructure/delivery/CreateRedirectionTestContext.groovy] does not exist
01:20:28.691 [Test worker] INFO org.springframework.test.context.support.AbstractContextLoader - Could not detect default resource locations for test class [es.unizar.urlshortener.infrastructure.delivery.CreateRedirectionTest]: no resource found for suffixes {-context.xml, Context.groovy}.
01:20:29.317 [Test worker] DEBUG org.springframework.test.context.support.ActiveProfilesUtils - Could not find an 'annotation declaring class' for annotation type [org.springframework.test.context.ActiveProfiles] and class [es.unizar.urlshortener.infrastructure.delivery.CreateRedirectionTest]
01:20:29.400 [Test worker] DEBUG org.springframework.boot.test.autoconfigure.web.servlet.WebMvcTestContextBootstrapper - @TestExecutionListeners is not present for class [es.unizar.urlshortener.infrastructure.delivery.CreateRedirectionTest]: using defaults.
01:20:29.403 [Test worker] INFO org.springframework.boot.test.autoconfigure.web.servlet.WebMvcTestContextBootstrapper - Loaded default TestExecutionListener class names from location [META-INF/spring.factories]: [org.springframework.boot.test.autoconfigure.restdocs.RestDocsTestExecutionListener, org.springframework.boot.test.autoconfigure.web.client.MockRestServiceServerResetTestExecutionListener, org.springframework.boot.test.autoconfigure.web.servlet.MockMvcPrintOnlyOnFailureTestExecutionListener, org.springframework.boot.test.autoconfigure.web.servlet.WebDriverTestExecutionListener, org.springframework.boot.test.autoconfigure.webservices.client.MockWebServiceServerTestExecutionListener, org.springframework.boot.test.mock.mockito.MockitoTestExecutionListener, org.springframework.boot.test.mock.mockito.ResetMocksTestExecutionListener, org.springframework.test.context.web.ServletTestExecutionListener, org.springframework.test.context.support.DirtiesContextBeforeModesTestExecutionListener, org.springframework.test.context.event.ApplicationEventsTestExecutionListener, org.springframework.test.context.support.DependencyInjectionTestExecutionListener, org.springframework.test.context.support.DirtiesContextTestExecutionListener, org.springframework.test.context.transaction.TransactionalTestExecutionListener, org.springframework.test.context.jdbc.SqlScriptsTestExecutionListener, org.springframework.test.context.event.EventPublishingTestExecutionListener]
01:20:29.490 [Test worker] INFO org.springframework.boot.test.autoconfigure.web.servlet.WebMvcTestContextBootstrapper - Using TestExecutionListeners: [org.springframework.test.context.web.ServletTestExecutionListener@6f2cb653, org.springframework.test.context.support.DirtiesContextBeforeModesTestExecutionListener@14c01636, org.springframework.test.context.event.ApplicationEventsTestExecutionListener@590c73d3, org.springframework.boot.test.mock.mockito.MockitoTestExecutionListener@6b9ce1bf, org.springframework.boot.test.autoconfigure.SpringBootDependencyInjectionTestExecutionListener@61884cb1, org.springframework.test.context.support.DirtiesContextTestExecutionListener@75ed9710, org.springframework.test.context.transaction.TransactionalTestExecutionListener@4fc5e095, org.springframework.test.context.jdbc.SqlScriptsTestExecutionListener@435871cb, org.springframework.test.context.event.EventPublishingTestExecutionListener@609640d5, org.springframework.boot.test.autoconfigure.restdocs.RestDocsTestExecutionListener@79da1ec0, org.springframework.boot.test.autoconfigure.web.client.MockRestServiceServerResetTestExecutionListener@19fb8826, org.springframework.boot.test.autoconfigure.web.servlet.MockMvcPrintOnlyOnFailureTestExecutionListener@192d74fb, org.springframework.boot.test.autoconfigure.web.servlet.WebDriverTestExecutionListener@4bef0fe3, org.springframework.boot.test.autoconfigure.webservices.client.MockWebServiceServerTestExecutionListener@62ea3440, org.springframework.boot.test.mock.mockito.ResetMocksTestExecutionListener@27953a83]
01:20:29.506 [Test worker] DEBUG org.springframework.test.context.support.AbstractDirtiesContextTestExecutionListener - Before test class: context [DefaultTestContext@36546a22 testClass = CreateRedirectionTest, testInstance = [null], testMethod = [null], testException = [null], mergedContextConfiguration = [WebMergedContextConfiguration@285c08c8 testClass = CreateRedirectionTest, locations = '{}', classes = '{class es.unizar.urlshortener.infrastructure.delivery.UrlShortenerControllerImpl, class es.unizar.urlshortener.infrastructure.delivery.RestResponseEntityExceptionHandler}', contextInitializerClasses = '[]', activeProfiles = '{}', propertySourceLocations = '{}', propertySourceProperties = '{org.springframework.boot.test.autoconfigure.web.servlet.WebMvcTestContextBootstrapper=true}', contextCustomizers = set[org.springframework.boot.test.autoconfigure.OverrideAutoConfigurationContextCustomizerFactory$DisableAutoConfigurationContextCustomizer@34f7234e, org.springframework.boot.test.autoconfigure.actuate.metrics.MetricsExportContextCustomizerFactory$DisableMetricExportContextCustomizer@101639ae, org.springframework.boot.test.autoconfigure.filter.TypeExcludeFiltersContextCustomizer@b27e9cee, org.springframework.boot.test.autoconfigure.properties.PropertyMappingContextCustomizer@3ada86dc, org.springframework.boot.test.autoconfigure.web.servlet.WebDriverContextCustomizerFactory$Customizer@68044f4, [ImportsContextCustomizer@295eaa7c key = [org.springframework.boot.autoconfigure.cache.CacheAutoConfiguration, org.springframework.boot.autoconfigure.context.MessageSourceAutoConfiguration, org.springframework.boot.autoconfigure.data.web.SpringDataWebAutoConfiguration, org.springframework.boot.autoconfigure.freemarker.FreeMarkerAutoConfiguration, org.springframework.boot.autoconfigure.groovy.template.GroovyTemplateAutoConfiguration, org.springframework.boot.autoconfigure.gson.GsonAutoConfiguration, org.springframework.boot.autoconfigure.hateoas.HypermediaAutoConfiguration, org.springframework.boot.autoconfigure.http.HttpMessageConvertersAutoConfiguration, org.springframework.boot.autoconfigure.jackson.JacksonAutoConfiguration, org.springframework.boot.autoconfigure.jsonb.JsonbAutoConfiguration, org.springframework.boot.autoconfigure.mustache.MustacheAutoConfiguration, org.springframework.boot.autoconfigure.task.TaskExecutionAutoConfiguration, org.springframework.boot.autoconfigure.thymeleaf.ThymeleafAutoConfiguration, org.springframework.boot.autoconfigure.validation.ValidationAutoConfiguration, org.springframework.boot.autoconfigure.web.servlet.error.ErrorMvcAutoConfiguration, org.springframework.boot.autoconfigure.web.servlet.HttpEncodingAutoConfiguration, org.springframework.boot.autoconfigure.web.servlet.WebMvcAutoConfiguration, org.springframework.boot.test.autoconfigure.web.servlet.MockMvcAutoConfiguration, org.springframework.boot.test.autoconfigure.web.servlet.MockMvcWebClientAutoConfiguration, org.springframework.boot.test.autoconfigure.web.servlet.MockMvcWebDriverAutoConfiguration, org.springframework.boot.autoconfigure.security.oauth2.client.servlet.OAuth2ClientAutoConfiguration, org.springframework.boot.autoconfigure.security.oauth2.resource.servlet.OAuth2ResourceServerAutoConfiguration, org.springframework.boot.autoconfigure.security.servlet.SecurityAutoConfiguration, org.springframework.boot.autoconfigure.security.servlet.SecurityFilterAutoConfiguration, org.springframework.boot.autoconfigure.security.servlet.UserDetailsServiceAutoConfiguration, org.springframework.boot.test.autoconfigure.web.servlet.MockMvcSecurityConfiguration, org.springframework.boot.test.autoconfigure.web.reactive.WebTestClientAutoConfiguration]], org.springframework.boot.test.context.filter.ExcludeFilterContextCustomizer@2a7686a7, org.springframework.boot.test.json.DuplicateJsonObjectContextCustomizerFactory$DuplicateJsonObjectContextCustomizer@bff34c6, org.springframework.boot.test.mock.mockito.MockitoContextCustomizer@3f67a6c, org.springframework.boot.test.context.SpringBootTestArgs@1, org.springframework.boot.test.context.SpringBootTestWebEnvironment@0], resourceBasePath = 'src/main/webapp', contextLoader = 'org.springframework.boot.test.context.SpringBootContextLoader', parent = [null]], attributes = map[[empty]]], class annotated with @DirtiesContext [false] with mode [null].

  .   ____          _            __ _ _
 /\\ / ___'_ __ _ _(_)_ __  __ _ \ \ \ \
( ( )\___ | '_ | '_| | '_ \/ _` | \ \ \ \
 \\/  ___)| |_)| | | | | || (_| |  ) ) ) )
  '  |____| .__|_| |_|_| |_\__, | / / / /
 =========|_|==============|___/=/_/_/_/
 :: Spring Boot ::                (v2.7.3)

2023-01-13 01:20:31.757  INFO 2400 --- [    Test worker] e.u.u.i.delivery.CreateRedirectionTest   : Starting CreateRedirectionTest using Java 16.0.2 on LAPTOP-LNP7DNAB with PID 2400 (started by Usuario in C:\Users\Usuario\Desktop\2223\IngWeb\UrlShortener\delivery)
2023-01-13 01:20:31.765  INFO 2400 --- [    Test worker] e.u.u.i.delivery.CreateRedirectionTest   : No active profile set, falling back to 1 default profile: "default"
2023-01-13 01:20:49.165  INFO 2400 --- [    Test worker] o.s.b.t.m.w.SpringBootMockServletContext : Initializing Spring TestDispatcherServlet ''
2023-01-13 01:20:49.170  INFO 2400 --- [    Test worker] o.s.t.web.servlet.TestDispatcherServlet  : Initializing Servlet ''
2023-01-13 01:20:49.192  INFO 2400 --- [    Test worker] o.s.t.web.servlet.TestDispatcherServlet  : Completed initialization in 14 ms
2023-01-13 01:20:49.453  INFO 2400 --- [    Test worker] e.u.u.i.delivery.CreateRedirectionTest   : Started CreateRedirectionTest in 19.697 seconds (JVM running for 28.397)
ShortUrl(hash=f684a3c4, redirection=Redirection(target=http://example.com/, mode=307), created=2023-01-13T01:20:49.818655600+01:00, properties=ShortUrlProperties(ip=null, safe=true, owner=null, country=null, qrcode=false))

MockHttpServletRequest:
      HTTP Method = POST
      Request URI = /api/link
       Parameters = {url=[http://example.com/], limit=[0], qrcode=[false]}
          Headers = [Content-Type:"application/x-www-form-urlencoded;charset=UTF-8"]
             Body = null
    Session Attrs = {}

Handler:
             Type = es.unizar.urlshortener.infrastructure.delivery.UrlShortenerControllerImpl
           Method = es.unizar.urlshortener.infrastructure.delivery.UrlShortenerControllerImpl#shortener(ShortUrlDataIn, HttpServletRequest)

Async:
    Async started = false
     Async result = null

Resolved Exception:
             Type = null

ModelAndView:
        View name = null
             View = null
            Model = null

FlashMap:
       Attributes = null

MockHttpServletResponse:
           Status = 201
    Error message = null
          Headers = [Location:"http://localhost/f684a3c4", Content-Type:"application/json"]
     Content type = application/json
             Body = {"url":"http://localhost/f684a3c4","properties":{"safe":true}}
    Forwarded URL = null
   Redirected URL = http://localhost/f684a3c4
          Cookies = []
]]></system-out>
  <system-err><![CDATA[]]></system-err>
</testsuite>
