<?xml version="1.0" encoding="UTF-8"?>
<testsuite name="es.unizar.urlshortener.HttpRequestTest" tests="5" skipped="0" failures="0" errors="0" timestamp="2023-01-13T00:39:58" hostname="LAPTOP-LNP7DNAB" time="8.493">
  <properties/>
  <testcase name="main page works()" classname="es.unizar.urlshortener.HttpRequestTest" time="4.478"/>
  <testcase name="creates returns a basic redirect if it can compute a hash()" classname="es.unizar.urlshortener.HttpRequestTest" time="3.15"/>
  <testcase name="creates returns bad request if it can't compute a hash()" classname="es.unizar.urlshortener.HttpRequestTest" time="0.497"/>
  <testcase name="redirectTo returns a not found when the key does not exist()" classname="es.unizar.urlshortener.HttpRequestTest" time="0.106"/>
  <testcase name="redirectTo returns a redirect when the key exists()" classname="es.unizar.urlshortener.HttpRequestTest" time="0.234"/>
  <system-out><![CDATA[01:39:04.336 [Test worker] DEBUG org.springframework.test.context.BootstrapUtils - Instantiating CacheAwareContextLoaderDelegate from class [org.springframework.test.context.cache.DefaultCacheAwareContextLoaderDelegate]
01:39:04.421 [Test worker] DEBUG org.springframework.test.context.BootstrapUtils - Instantiating BootstrapContext using constructor [public org.springframework.test.context.support.DefaultBootstrapContext(java.lang.Class,org.springframework.test.context.CacheAwareContextLoaderDelegate)]
01:39:04.608 [Test worker] DEBUG org.springframework.test.context.BootstrapUtils - Instantiating TestContextBootstrapper for test class [es.unizar.urlshortener.HttpRequestTest] from class [org.springframework.boot.test.context.SpringBootTestContextBootstrapper]
01:39:04.686 [Test worker] INFO org.springframework.boot.test.context.SpringBootTestContextBootstrapper - Neither @ContextConfiguration nor @ContextHierarchy found for test class [es.unizar.urlshortener.HttpRequestTest], using SpringBootContextLoader
01:39:04.708 [Test worker] DEBUG org.springframework.test.context.support.AbstractContextLoader - Did not detect default resource location for test class [es.unizar.urlshortener.HttpRequestTest]: class path resource [es/unizar/urlshortener/HttpRequestTest-context.xml] does not exist
01:39:04.713 [Test worker] DEBUG org.springframework.test.context.support.AbstractContextLoader - Did not detect default resource location for test class [es.unizar.urlshortener.HttpRequestTest]: class path resource [es/unizar/urlshortener/HttpRequestTestContext.groovy] does not exist
01:39:04.720 [Test worker] INFO org.springframework.test.context.support.AbstractContextLoader - Could not detect default resource locations for test class [es.unizar.urlshortener.HttpRequestTest]: no resource found for suffixes {-context.xml, Context.groovy}.
01:39:04.730 [Test worker] INFO org.springframework.test.context.support.AnnotationConfigContextLoaderUtils - Could not detect default configuration classes for test class [es.unizar.urlshortener.HttpRequestTest]: HttpRequestTest does not declare any static, non-private, non-final, nested classes annotated with @Configuration.
01:39:05.085 [Test worker] DEBUG org.springframework.test.context.support.ActiveProfilesUtils - Could not find an 'annotation declaring class' for annotation type [org.springframework.test.context.ActiveProfiles] and class [es.unizar.urlshortener.HttpRequestTest]
01:39:05.505 [Test worker] DEBUG org.springframework.context.annotation.ClassPathScanningCandidateComponentProvider - Identified candidate component class: file [C:\Users\Usuario\Desktop\2223\IngWeb\UrlShortener\app\build\classes\kotlin\main\es\unizar\urlshortener\UrlShortenerApplication.class]
01:39:05.512 [Test worker] INFO org.springframework.boot.test.context.SpringBootTestContextBootstrapper - Found @SpringBootConfiguration es.unizar.urlshortener.UrlShortenerApplication for test class es.unizar.urlshortener.HttpRequestTest
01:39:06.292 [Test worker] DEBUG org.springframework.boot.test.context.SpringBootTestContextBootstrapper - @TestExecutionListeners is not present for class [es.unizar.urlshortener.HttpRequestTest]: using defaults.
01:39:06.296 [Test worker] INFO org.springframework.boot.test.context.SpringBootTestContextBootstrapper - Loaded default TestExecutionListener class names from location [META-INF/spring.factories]: [org.springframework.boot.test.autoconfigure.restdocs.RestDocsTestExecutionListener, org.springframework.boot.test.autoconfigure.web.client.MockRestServiceServerResetTestExecutionListener, org.springframework.boot.test.autoconfigure.web.servlet.MockMvcPrintOnlyOnFailureTestExecutionListener, org.springframework.boot.test.autoconfigure.web.servlet.WebDriverTestExecutionListener, org.springframework.boot.test.autoconfigure.webservices.client.MockWebServiceServerTestExecutionListener, org.springframework.boot.test.mock.mockito.MockitoTestExecutionListener, org.springframework.boot.test.mock.mockito.ResetMocksTestExecutionListener, org.springframework.test.context.web.ServletTestExecutionListener, org.springframework.test.context.support.DirtiesContextBeforeModesTestExecutionListener, org.springframework.test.context.event.ApplicationEventsTestExecutionListener, org.springframework.test.context.support.DependencyInjectionTestExecutionListener, org.springframework.test.context.support.DirtiesContextTestExecutionListener, org.springframework.test.context.transaction.TransactionalTestExecutionListener, org.springframework.test.context.jdbc.SqlScriptsTestExecutionListener, org.springframework.test.context.event.EventPublishingTestExecutionListener]
01:39:06.411 [Test worker] INFO org.springframework.boot.test.context.SpringBootTestContextBootstrapper - Using TestExecutionListeners: [org.springframework.test.context.web.ServletTestExecutionListener@1bdf8190, org.springframework.test.context.support.DirtiesContextBeforeModesTestExecutionListener@192f2f27, org.springframework.test.context.event.ApplicationEventsTestExecutionListener@8a589a2, org.springframework.boot.test.mock.mockito.MockitoTestExecutionListener@c65a5ef, org.springframework.boot.test.autoconfigure.SpringBootDependencyInjectionTestExecutionListener@6b5176f2, org.springframework.test.context.support.DirtiesContextTestExecutionListener@b672aa8, org.springframework.test.context.transaction.TransactionalTestExecutionListener@2fab4aff, org.springframework.test.context.jdbc.SqlScriptsTestExecutionListener@ec0c838, org.springframework.test.context.event.EventPublishingTestExecutionListener@6e46d9f4, org.springframework.boot.test.autoconfigure.restdocs.RestDocsTestExecutionListener@5cc69cfe, org.springframework.boot.test.autoconfigure.web.client.MockRestServiceServerResetTestExecutionListener@29cfd92b, org.springframework.boot.test.autoconfigure.web.servlet.MockMvcPrintOnlyOnFailureTestExecutionListener@21c64522, org.springframework.boot.test.autoconfigure.web.servlet.WebDriverTestExecutionListener@7997b197, org.springframework.boot.test.autoconfigure.webservices.client.MockWebServiceServerTestExecutionListener@11dee337, org.springframework.boot.test.mock.mockito.ResetMocksTestExecutionListener@460f76a6]
01:39:06.434 [Test worker] DEBUG org.springframework.test.context.support.AbstractDirtiesContextTestExecutionListener - Before test class: context [DefaultTestContext@523424b5 testClass = HttpRequestTest, testInstance = [null], testMethod = [null], testException = [null], mergedContextConfiguration = [WebMergedContextConfiguration@2baa8d82 testClass = HttpRequestTest, locations = '{}', classes = '{class es.unizar.urlshortener.UrlShortenerApplication}', contextInitializerClasses = '[]', activeProfiles = '{}', propertySourceLocations = '{}', propertySourceProperties = '{org.springframework.boot.test.context.SpringBootTestContextBootstrapper=true, server.port=0}', contextCustomizers = set[org.springframework.boot.test.autoconfigure.actuate.metrics.MetricsExportContextCustomizerFactory$DisableMetricExportContextCustomizer@5023bb8b, org.springframework.boot.test.autoconfigure.properties.PropertyMappingContextCustomizer@0, org.springframework.boot.test.autoconfigure.web.servlet.WebDriverContextCustomizerFactory$Customizer@5d8bafa9, org.springframework.boot.test.context.filter.ExcludeFilterContextCustomizer@23aa363a, org.springframework.boot.test.json.DuplicateJsonObjectContextCustomizerFactory$DuplicateJsonObjectContextCustomizer@77b14724, org.springframework.boot.test.mock.mockito.MockitoContextCustomizer@0, org.springframework.boot.test.web.client.TestRestTemplateContextCustomizer@1ecee32c, org.springframework.boot.test.context.SpringBootTestArgs@1, org.springframework.boot.test.context.SpringBootTestWebEnvironment@6392827e], resourceBasePath = 'src/main/webapp', contextLoader = 'org.springframework.boot.test.context.SpringBootContextLoader', parent = [null]], attributes = map['org.springframework.test.context.web.ServletTestExecutionListener.activateListener' -> false]], class annotated with @DirtiesContext [false] with mode [null].
01:39:06.518 [Test worker] DEBUG org.springframework.test.context.support.DependencyInjectionTestExecutionListener - Performing dependency injection for test context [[DefaultTestContext@523424b5 testClass = HttpRequestTest, testInstance = es.unizar.urlshortener.HttpRequestTest@355e34c7, testMethod = [null], testException = [null], mergedContextConfiguration = [WebMergedContextConfiguration@2baa8d82 testClass = HttpRequestTest, locations = '{}', classes = '{class es.unizar.urlshortener.UrlShortenerApplication}', contextInitializerClasses = '[]', activeProfiles = '{}', propertySourceLocations = '{}', propertySourceProperties = '{org.springframework.boot.test.context.SpringBootTestContextBootstrapper=true, server.port=0}', contextCustomizers = set[org.springframework.boot.test.autoconfigure.actuate.metrics.MetricsExportContextCustomizerFactory$DisableMetricExportContextCustomizer@5023bb8b, org.springframework.boot.test.autoconfigure.properties.PropertyMappingContextCustomizer@0, org.springframework.boot.test.autoconfigure.web.servlet.WebDriverContextCustomizerFactory$Customizer@5d8bafa9, org.springframework.boot.test.context.filter.ExcludeFilterContextCustomizer@23aa363a, org.springframework.boot.test.json.DuplicateJsonObjectContextCustomizerFactory$DuplicateJsonObjectContextCustomizer@77b14724, org.springframework.boot.test.mock.mockito.MockitoContextCustomizer@0, org.springframework.boot.test.web.client.TestRestTemplateContextCustomizer@1ecee32c, org.springframework.boot.test.context.SpringBootTestArgs@1, org.springframework.boot.test.context.SpringBootTestWebEnvironment@6392827e], resourceBasePath = 'src/main/webapp', contextLoader = 'org.springframework.boot.test.context.SpringBootContextLoader', parent = [null]], attributes = map['org.springframework.test.context.web.ServletTestExecutionListener.activateListener' -> false, 'org.springframework.test.context.event.ApplicationEventsTestExecutionListener.recordApplicationEvents' -> false]]].

  .   ____          _            __ _ _
 /\\ / ___'_ __ _ _(_)_ __  __ _ \ \ \ \
( ( )\___ | '_ | '_| | '_ \/ _` | \ \ \ \
 \\/  ___)| |_)| | | | | || (_| |  ) ) ) )
  '  |____| .__|_| |_|_| |_\__, | / / / /
 =========|_|==============|___/=/_/_/_/
 :: Spring Boot ::                (v2.7.3)

2023-01-13 01:39:09.057  INFO 14932 --- [    Test worker] es.unizar.urlshortener.HttpRequestTest   : Starting HttpRequestTest using Java 16.0.2 on LAPTOP-LNP7DNAB with PID 14932 (started by Usuario in C:\Users\Usuario\Desktop\2223\IngWeb\UrlShortener\app)
2023-01-13 01:39:09.062  INFO 14932 --- [    Test worker] es.unizar.urlshortener.HttpRequestTest   : No active profile set, falling back to 1 default profile: "default"
2023-01-13 01:39:17.166  INFO 14932 --- [    Test worker] .s.d.r.c.RepositoryConfigurationDelegate : Bootstrapping Spring Data JPA repositories in DEFAULT mode.
2023-01-13 01:39:19.084  INFO 14932 --- [    Test worker] .s.d.r.c.RepositoryConfigurationDelegate : Finished Spring Data repository scanning in 1847 ms. Found 2 JPA repository interfaces.
2023-01-13 01:39:23.725  INFO 14932 --- [    Test worker] o.s.b.w.embedded.tomcat.TomcatWebServer  : Tomcat initialized with port(s): 0 (http)
2023-01-13 01:39:23.793  INFO 14932 --- [    Test worker] o.apache.catalina.core.StandardService   : Starting service [Tomcat]
2023-01-13 01:39:23.794  INFO 14932 --- [    Test worker] org.apache.catalina.core.StandardEngine  : Starting Servlet engine: [Apache Tomcat/9.0.65]
2023-01-13 01:39:24.968  INFO 14932 --- [    Test worker] o.a.c.c.C.[Tomcat].[localhost].[/]       : Initializing Spring embedded WebApplicationContext
2023-01-13 01:39:24.968  INFO 14932 --- [    Test worker] w.s.c.ServletWebServerApplicationContext : Root WebApplicationContext: initialization completed in 15778 ms
2023-01-13 01:39:28.936  INFO 14932 --- [    Test worker] com.zaxxer.hikari.HikariDataSource       : HikariPool-1 - Starting...
2023-01-13 01:39:29.970  INFO 14932 --- [    Test worker] com.zaxxer.hikari.pool.PoolBase          : HikariPool-1 - Driver does not support get/set network timeout for connections. (característica no soportada)
2023-01-13 01:39:29.993  INFO 14932 --- [    Test worker] com.zaxxer.hikari.HikariDataSource       : HikariPool-1 - Start completed.
2023-01-13 01:39:30.350  INFO 14932 --- [    Test worker] o.hibernate.jpa.internal.util.LogHelper  : HHH000204: Processing PersistenceUnitInfo [name: default]
2023-01-13 01:39:30.649  INFO 14932 --- [    Test worker] org.hibernate.Version                    : HHH000412: Hibernate ORM core version 5.6.10.Final
2023-01-13 01:39:32.633  INFO 14932 --- [    Test worker] o.hibernate.annotations.common.Version   : HCANN000001: Hibernate Commons Annotations {5.1.2.Final}
2023-01-13 01:39:33.393  INFO 14932 --- [    Test worker] org.hibernate.dialect.Dialect            : HHH000400: Using dialect: org.hibernate.dialect.HSQLDialect
2023-01-13 01:39:36.384  INFO 14932 --- [    Test worker] o.h.e.t.j.p.i.JtaPlatformInitiator       : HHH000490: Using JtaPlatform implementation: [org.hibernate.engine.transaction.jta.platform.internal.NoJtaPlatform]
2023-01-13 01:39:36.428  INFO 14932 --- [    Test worker] j.LocalContainerEntityManagerFactoryBean : Initialized JPA EntityManagerFactory for persistence unit 'default'
2023-01-13 01:39:45.000  INFO 14932 --- [    Test worker] o.s.b.a.w.s.WelcomePageHandlerMapping    : Adding welcome page: class path resource [static/index.html]
2023-01-13 01:39:56.252  INFO 14932 --- [    Test worker] o.s.b.a.e.web.EndpointLinksResolver      : Exposing 1 endpoint(s) beneath base path '/api'
2023-01-13 01:39:58.399  INFO 14932 --- [    Test worker] o.s.b.w.embedded.tomcat.TomcatWebServer  : Tomcat started on port(s): 64905 (http) with context path ''
2023-01-13 01:39:58.496  INFO 14932 --- [    Test worker] es.unizar.urlshortener.HttpRequestTest   : Started HttpRequestTest in 51.834 seconds (JVM running for 62.646)
2023-01-13 01:40:01.662  INFO 14932 --- [    Test worker] o.s.test.jdbc.JdbcTestUtils              : Deleted 0 rows from table shorturl
2023-01-13 01:40:01.664  INFO 14932 --- [    Test worker] o.s.test.jdbc.JdbcTestUtils              : Deleted 0 rows from table click
2023-01-13 01:40:02.699  INFO 14932 --- [o-auto-1-exec-1] o.a.c.c.C.[Tomcat].[localhost].[/]       : Initializing Spring DispatcherServlet 'dispatcherServlet'
2023-01-13 01:40:02.700  INFO 14932 --- [o-auto-1-exec-1] o.s.web.servlet.DispatcherServlet        : Initializing Servlet 'dispatcherServlet'
2023-01-13 01:40:02.721  INFO 14932 --- [o-auto-1-exec-1] o.s.web.servlet.DispatcherServlet        : Completed initialization in 19 ms
2023-01-13 01:40:03.337  INFO 14932 --- [    Test worker] o.s.test.jdbc.JdbcTestUtils              : Deleted 0 rows from table shorturl
2023-01-13 01:40:03.337  INFO 14932 --- [    Test worker] o.s.test.jdbc.JdbcTestUtils              : Deleted 0 rows from table click
2023-01-13 01:40:03.389  INFO 14932 --- [    Test worker] o.s.test.jdbc.JdbcTestUtils              : Deleted 0 rows from table shorturl
2023-01-13 01:40:03.390  INFO 14932 --- [    Test worker] o.s.test.jdbc.JdbcTestUtils              : Deleted 0 rows from table click
kotlin.Unit
en create() false
ShortUrl(hash=f684a3c4, redirection=Redirection(target=http://example.com/, mode=307), created=2023-01-13T01:40:05.280819500+01:00, properties=ShortUrlProperties(ip=127.0.0.1, safe=true, owner=null, country=null, qrcode=false))
2023-01-13 01:40:06.521  INFO 14932 --- [    Test worker] o.s.test.jdbc.JdbcTestUtils              : Deleted 1 rows from table shorturl
2023-01-13 01:40:06.523  INFO 14932 --- [    Test worker] o.s.test.jdbc.JdbcTestUtils              : Deleted 0 rows from table click
2023-01-13 01:40:06.559  INFO 14932 --- [    Test worker] o.s.test.jdbc.JdbcTestUtils              : Deleted 0 rows from table shorturl
2023-01-13 01:40:06.561  INFO 14932 --- [    Test worker] o.s.test.jdbc.JdbcTestUtils              : Deleted 0 rows from table click
2023-01-13 01:40:07.022  INFO 14932 --- [    Test worker] o.s.test.jdbc.JdbcTestUtils              : Deleted 0 rows from table shorturl
2023-01-13 01:40:07.024  INFO 14932 --- [    Test worker] o.s.test.jdbc.JdbcTestUtils              : Deleted 0 rows from table click
2023-01-13 01:40:07.059  INFO 14932 --- [    Test worker] o.s.test.jdbc.JdbcTestUtils              : Deleted 0 rows from table shorturl
2023-01-13 01:40:07.060  INFO 14932 --- [    Test worker] o.s.test.jdbc.JdbcTestUtils              : Deleted 0 rows from table click
2023-01-13 01:40:07.129  INFO 14932 --- [    Test worker] o.s.test.jdbc.JdbcTestUtils              : Deleted 0 rows from table shorturl
2023-01-13 01:40:07.131  INFO 14932 --- [    Test worker] o.s.test.jdbc.JdbcTestUtils              : Deleted 0 rows from table click
2023-01-13 01:40:07.179  INFO 14932 --- [    Test worker] o.s.test.jdbc.JdbcTestUtils              : Deleted 0 rows from table shorturl
2023-01-13 01:40:07.185  INFO 14932 --- [    Test worker] o.s.test.jdbc.JdbcTestUtils              : Deleted 0 rows from table click
kotlin.Unit
en create() false
ShortUrl(hash=f684a3c4, redirection=Redirection(target=http://example.com/, mode=307), created=2023-01-13T01:40:07.204815200+01:00, properties=ShortUrlProperties(ip=127.0.0.1, safe=true, owner=null, country=null, qrcode=false))
El navegador es: UnKnown, More-Info: Apache-HttpClient/4.5.13 (Java/16.0.2) y el SO es: UnKnown, More-Info: Apache-HttpClient/4.5.13 (Java/16.0.2)
2023-01-13 01:40:07.386  INFO 14932 --- [    Test worker] o.s.test.jdbc.JdbcTestUtils              : Deleted 1 rows from table shorturl
2023-01-13 01:40:07.388  INFO 14932 --- [    Test worker] o.s.test.jdbc.JdbcTestUtils              : Deleted 1 rows from table click
]]></system-out>
  <system-err><![CDATA[]]></system-err>
</testsuite>
